1522838621837	geckodriver	INFO	geckodriver 0.20.0
1522838621907	geckodriver	INFO	Listening on 127.0.0.1:49761
1522838623485	mozrunner::runner	INFO	Running command: "/Applications/Firefox.app/Contents/MacOS/firefox-bin" "-marionette" "-profile" "/var/folders/4k/s3fzpx011bx9slhhk9f054680000gn/T/rust_mozprofile.LrexSt1va5hs"
1522838628526	Marionette	INFO	Enabled via --marionette
2018-04-04 16:13:51.838 plugin-container[11478:272580] *** CFMessagePort: bootstrap_register(): failed 1100 (0x44c) 'Permission denied', port = 0xa33f, name = 'com.apple.tsm.portname'
See /usr/include/servers/bootstrap_defs.h for the error codes.
2018-04-04 16:13:57.207 plugin-container[11479:272663] *** CFMessagePort: bootstrap_register(): failed 1100 (0x44c) 'Permission denied', port = 0x9f3f, name = 'com.apple.tsm.portname'
See /usr/include/servers/bootstrap_defs.h for the error codes.
1522838639552	Marionette	INFO	Listening on port 49778
1522838639884	Marionette	WARN	TLS certificate errors will be ignored for this session
*** UTM:SVC TimerManager:registerTimer called after profile-before-change notification. Ignoring timer registration for id: telemetry_modules_ping
1522838646792	geckodriver::marionette	ERROR	Failed to stop browser process
1522843008879	geckodriver	INFO	geckodriver 0.20.0
1522843008893	geckodriver	INFO	Listening on 127.0.0.1:49923
1522843009410	mozrunner::runner	INFO	Running command: "/Applications/Firefox.app/Contents/MacOS/firefox-bin" "-marionette" "-profile" "/var/folders/4k/s3fzpx011bx9slhhk9f054680000gn/T/rust_mozprofile.W6vJibJ3J8Kv"
1522843012204	Marionette	INFO	Enabled via --marionette
2018-04-04 17:26:54.161 plugin-container[12668:327969] *** CFMessagePort: bootstrap_register(): failed 1100 (0x44c) 'Permission denied', port = 0xa33f, name = 'com.apple.tsm.portname'
See /usr/include/servers/bootstrap_defs.h for the error codes.
2018-04-04 17:26:55.297 plugin-container[12669:328026] *** CFMessagePort: bootstrap_register(): failed 1100 (0x44c) 'Permission denied', port = 0xa13f, name = 'com.apple.tsm.portname'
See /usr/include/servers/bootstrap_defs.h for the error codes.
1522843016190	Marionette	INFO	Listening on port 49934
1522843016446	Marionette	WARN	TLS certificate errors will be ignored for this session
*** UTM:SVC TimerManager:registerTimer called after profile-before-change notification. Ignoring timer registration for id: telemetry_modules_ping

###!!! [Parent][RunMessage] Error: Channel closing: too late to send/recv, messages will be lost

1522843022040	geckodriver::marionette	ERROR	Failed to stop browser process
